[22:22:7.235] Global cache location '/home/shadow/.cache/typescript/4.0', safe file path '/home/shadow/trident/node_modules/typescript/lib/typingSafeList.json', types map path /home/shadow/trident/node_modules/typescript/lib/typesMap.json
[22:22:7.239] Processing cache location '/home/shadow/.cache/typescript/4.0'
[22:22:7.240] Trying to find '/home/shadow/.cache/typescript/4.0/package.json'...
[22:22:7.247] Loaded content of '/home/shadow/.cache/typescript/4.0/package.json': {"private":true,"dependencies":{"types-registry":"^0.1.510"},"devDependencies":{"@types/d":"^1.0.0","@types/di":"0.0.1","@types/ws":"^7.2.7"}}
[22:22:7.247] Loaded content of '/home/shadow/.cache/typescript/4.0/package-lock.json'
[22:22:7.275] Adding entry into typings cache: 'd' => '/home/shadow/.cache/typescript/4.0/node_modules/@types/d/index.d.ts'
[22:22:7.284] Adding entry into typings cache: 'di' => '/home/shadow/.cache/typescript/4.0/node_modules/@types/di/index.d.ts'
[22:22:7.296] Adding entry into typings cache: 'ws' => '/home/shadow/.cache/typescript/4.0/node_modules/@types/ws/index.d.ts'
[22:22:7.297] Finished processing cache location '/home/shadow/.cache/typescript/4.0'
[22:22:7.297] Process id: 197996
[22:22:7.298] NPM location: /usr/bin/npm (explicit '--npmLocation' not  provided)
[22:22:7.298] validateDefaultNpmLocation: false
[22:22:7.298] Npm config file: /home/shadow/.cache/typescript/4.0/package.json
[22:22:7.298] Updating types-registry npm package...
[22:22:7.299] Exec: /usr/bin/npm install --ignore-scripts types-registry@latest
[22:22:17.3]     Succeeded. stdout:
    + types-registry@0.1.510
    updated 1 package and audited 5 packages in 8.176s
found 0 vulnerabilities


[22:22:17.4] Updated types-registry npm package
