[22:28:47.309] Global cache location '/home/shadow/.cache/typescript/4.0', safe file path '/home/shadow/trident/node_modules/typescript/lib/typingSafeList.json', types map path /home/shadow/trident/node_modules/typescript/lib/typesMap.json
[22:28:47.314] Processing cache location '/home/shadow/.cache/typescript/4.0'
[22:28:47.314] Trying to find '/home/shadow/.cache/typescript/4.0/package.json'...
[22:28:47.320] Loaded content of '/home/shadow/.cache/typescript/4.0/package.json': {"private":true,"dependencies":{"types-registry":"^0.1.510"},"devDependencies":{"@types/d":"^1.0.0","@types/di":"0.0.1","@types/ws":"^7.2.7"}}
[22:28:47.321] Loaded content of '/home/shadow/.cache/typescript/4.0/package-lock.json'
[22:28:47.353] Adding entry into typings cache: 'd' => '/home/shadow/.cache/typescript/4.0/node_modules/@types/d/index.d.ts'
[22:28:47.363] Adding entry into typings cache: 'di' => '/home/shadow/.cache/typescript/4.0/node_modules/@types/di/index.d.ts'
[22:28:47.373] Adding entry into typings cache: 'ws' => '/home/shadow/.cache/typescript/4.0/node_modules/@types/ws/index.d.ts'
[22:28:47.373] Finished processing cache location '/home/shadow/.cache/typescript/4.0'
[22:28:47.374] Process id: 202230
[22:28:47.374] NPM location: /usr/bin/npm (explicit '--npmLocation' not  provided)
[22:28:47.374] validateDefaultNpmLocation: false
[22:28:47.374] Npm config file: /home/shadow/.cache/typescript/4.0/package.json
[22:28:47.374] Updating types-registry npm package...
[22:28:47.374] Exec: /usr/bin/npm install --ignore-scripts types-registry@latest
[22:29:5.681]     Succeeded. stdout:
    + types-registry@0.1.510
    updated 1 package and audited 5 packages in 16.677s
found 0 vulnerabilities


[22:29:5.681] Updated types-registry npm package
